2026-01-04 12:33:56.260 WARNING (MainThread) [aiohttp_fast_zlib] zlib_ng and isal are not available, falling back to zlib, performance will be degraded.
2026-01-04 12:33:56.373 ERROR (MainThread) [homeassistant.setup] Error during setup of component frontend: No module named 'hass_frontend'
Traceback (most recent call last):
  File "/usr/local/lib/python3.13/site-packages/homeassistant/setup.py", line 425, in _async_setup_component
    result = await task
             ^^^^^^^^^^
  File "/usr/local/lib/python3.13/site-packages/homeassistant/components/frontend/__init__.py", line 425, in async_setup
    root_path = _frontend_root(repo_path)
  File "/usr/local/lib/python3.13/site-packages/homeassistant/components/frontend/__init__.py", line 398, in _frontend_root
    import hass_frontend  # noqa: PLC0415
    ^^^^^^^^^^^^^^^^^^^^
ModuleNotFoundError: No module named 'hass_frontend'
2026-01-04 12:34:07.848 ERROR (MainThread) [homeassistant.setup] Setup failed for 'cloud': Unable to import component: No module named 'numpy'
Traceback (most recent call last):
  File "/usr/local/lib/python3.13/site-packages/homeassistant/setup.py", line 343, in _async_setup_component
    component = await integration.async_get_component()
                ^^^^^^^^^^^^^^^^^^^^^^^^^^^^^^^^^^^^^^^
  File "/usr/local/lib/python3.13/site-packages/homeassistant/loader.py", line 1038, in async_get_component
    self._component_future.result()
    ~~~~~~~~~~~~~~~~~~~~~~~~~~~~~^^
  File "/usr/local/lib/python3.13/site-packages/homeassistant/loader.py", line 1018, in async_get_component
    comp = await self.hass.async_add_import_executor_job(
           ^^^^^^^^^^^^^^^^^^^^^^^^^^^^^^^^^^^^^^^^^^^^^^
        self._get_component, True
        ^^^^^^^^^^^^^^^^^^^^^^^^^
    )
    ^
  File "/usr/local/lib/python3.13/concurrent/futures/thread.py", line 59, in run
    result = self.fn(*self.args, **self.kwargs)
  File "/usr/local/lib/python3.13/site-packages/homeassistant/loader.py", line 1078, in _get_component
    ComponentProtocol, importlib.import_module(self.pkg_path)
                       ~~~~~~~~~~~~~~~~~~~~~~~^^^^^^^^^^^^^^^
  File "/usr/local/lib/python3.13/site-packages/homeassistant/util/loop.py", line 201, in protected_loop_func
    return func(*args, **kwargs)
  File "/usr/local/lib/python3.13/importlib/__init__.py", line 88, in import_module
    return _bootstrap._gcd_import(name[level:], package, level)
           ~~~~~~~~~~~~~~~~~~~~~~^^^^^^^^^^^^^^^^^^^^^^^^^^^^^^
  File "<frozen importlib._bootstrap>", line 1387, in _gcd_import
  File "<frozen importlib._bootstrap>", line 1360, in _find_and_load
  File "<frozen importlib._bootstrap>", line 1331, in _find_and_load_unlocked
  File "<frozen importlib._bootstrap>", line 935, in _load_unlocked
  File "<frozen importlib._bootstrap_external>", line 1023, in exec_module
  File "<frozen importlib._bootstrap>", line 488, in _call_with_frames_removed
  File "/usr/local/lib/python3.13/site-packages/homeassistant/components/cloud/__init__.py", line 16, in <module>
    from homeassistant.components import alexa, google_assistant
  File "/usr/local/lib/python3.13/site-packages/homeassistant/components/alexa/__init__.py", line 20, in <module>
    from . import flash_briefings, intent, smart_home
  File "/usr/local/lib/python3.13/site-packages/homeassistant/components/alexa/smart_home.py", line 22, in <module>
    from .config import AbstractConfig
  File "/usr/local/lib/python3.13/site-packages/homeassistant/components/alexa/config.py", line 16, in <module>
    from .entities import TRANSLATION_TABLE
  File "/usr/local/lib/python3.13/site-packages/homeassistant/components/alexa/entities.py", line 9, in <module>
    from homeassistant.components import (
    ...<29 lines>...
    )
  File "/usr/local/lib/python3.13/site-packages/homeassistant/components/camera/__init__.py", line 33, in <module>
    from homeassistant.components.stream import (
    ...<5 lines>...
    )
  File "/usr/local/lib/python3.13/site-packages/homeassistant/components/stream/__init__.py", line 67, in <module>
    from .core import (
    ...<7 lines>...
    )
  File "/usr/local/lib/python3.13/site-packages/homeassistant/components/stream/core.py", line 15, in <module>
    import numpy as np
ModuleNotFoundError: No module named 'numpy'
2026-01-04 12:34:07.850 ERROR (MainThread) [homeassistant.setup] Unable to set up dependencies of 'recovery_mode'. Setup failed for dependencies: ['frontend', 'cloud']
2026-01-04 12:34:07.850 ERROR (MainThread) [homeassistant.setup] Setup failed for 'recovery_mode': Could not setup dependencies: frontend, cloud
